<?xml version="1.0" encoding="UTF-8"?>
<testng-results ignored="0" total="1" passed="1" failed="0" skipped="0">
  <reporter-output>
  </reporter-output>
  <suite started-at="2024-03-21T12:59:03 MDT" name="Default suite" finished-at="2024-03-21T12:59:10 MDT" duration-ms="7051">
    <groups>
    </groups>
    <test started-at="2024-03-21T12:59:03 MDT" name="Default test" finished-at="2024-03-21T12:59:10 MDT" duration-ms="7051">
      <class name="tests.ErrorValidation">
        <test-method is-config="true" signature="landingPage()[pri:0, instance:tests.ErrorValidation@56bca85b]" started-at="2024-03-21T12:59:03 MDT" name="landingPage" finished-at="2024-03-21T12:59:09 MDT" duration-ms="6095" status="PASS">
          <reporter-output>
          </reporter-output>
        </test-method> <!-- landingPage -->
        <test-method signature="errorValid()[pri:0, instance:tests.ErrorValidation@56bca85b]" started-at="2024-03-21T12:59:09 MDT" name="errorValid" finished-at="2024-03-21T12:59:10 MDT" duration-ms="750" status="PASS">
          <reporter-output>
          </reporter-output>
        </test-method> <!-- errorValid -->
        <test-method is-config="true" signature="closePage()[pri:0, instance:tests.ErrorValidation@56bca85b]" started-at="2024-03-21T12:59:10 MDT" name="closePage" finished-at="2024-03-21T12:59:10 MDT" duration-ms="117" status="PASS">
          <reporter-output>
          </reporter-output>
        </test-method> <!-- closePage -->
      </class> <!-- tests.ErrorValidation -->
    </test> <!-- Default test -->
  </suite> <!-- Default suite -->
</testng-results>
